<?xml version="1.0" encoding="UTF-8"?>
<!-- Generated by org.testng.reporters.JUnitXMLReporter -->
<testsuite ignored="5" hostname="DESKTOP-G2HCGQK" failures="0" tests="1" name="Default test" time="291.619" errors="0" timestamp="2020-05-20T16:11:26 EEST">
  <testcase classname="com.sandbox.UItest.tests.RegPageTestNG" name="checkIfUserReg" time="279.67"/>
  <testcase classname="com.sandbox.UItest.tests.RegPageTestNG" name="invalidRegNoUserName" time="0.0">
    <ignored/>
  </testcase> <!-- invalidRegNoUserName -->
  <testcase classname="com.sandbox.UItest.tests.RegPageTestNG" name="invalidRegNoPass" time="0.0">
    <ignored/>
  </testcase> <!-- invalidRegNoPass -->
  <testcase classname="com.sandbox.UItest.tests.RegPageTestNG" name="regUsers" time="0.0">
    <ignored/>
  </testcase> <!-- regUsers -->
  <testcase classname="com.sandbox.UItest.tests.RegPageTestNG" name="invalidRegNoEmail" time="0.0">
    <ignored/>
  </testcase> <!-- invalidRegNoEmail -->
  <testcase classname="com.sandbox.UItest.tests.RegPageTestNG" name="invalidConfPass" time="0.0">
    <ignored/>
  </testcase> <!-- invalidConfPass -->
</testsuite> <!-- Default test -->
