<?xml version="1.0" encoding="UTF-8"?>
<!-- Generated by org.testng.reporters.JUnitXMLReporter -->
<testsuite ignored="0" hostname="DESKTOP-G2HCGQK" failures="0" tests="11" name="Unit tests" time="839.155" errors="0" timestamp="2020-05-20T16:50:16 EEST">
  <testcase classname="com.sandbox.UItest.tests.LogInPageTestNG" name="logInKnownUser" time="8.114"/>
  <testcase classname="com.sandbox.UItest.tests.LogInPageTestNG" name="failLogInUnknownUser" time="2.609"/>
  <testcase classname="com.sandbox.UItest.tests.ProductsPageTestNG" name="addProd" time="45.225"/>
  <testcase classname="com.sandbox.UItest.tests.ProductsPageTestNG" name="checkIfadded" time="2.642"/>
  <testcase classname="com.sandbox.UItest.tests.ProductsPageTestNG" name="editProdPrice" time="12.794"/>
  <testcase classname="com.sandbox.UItest.tests.RegPageTestNG" name="regUsers" time="248.827"/>
  <testcase classname="com.sandbox.UItest.tests.RegPageTestNG" name="checkIfUserReg" time="325.294"/>
  <testcase classname="com.sandbox.UItest.tests.RegPageTestNG" name="invalidRegNoEmail" time="21.721"/>
  <testcase classname="com.sandbox.UItest.tests.RegPageTestNG" name="invalidRegNoUserName" time="21.227"/>
  <testcase classname="com.sandbox.UItest.tests.RegPageTestNG" name="invalidRegNoPass" time="23.841"/>
  <testcase classname="com.sandbox.UItest.tests.RegPageTestNG" name="invalidConfPass" time="27.739"/>
</testsuite> <!-- Unit tests -->
